Start testing: Jul 17 03:49 CEST
----------------------------------------------------------
1/5 Testing: dispatch
1/5 Test: dispatch
Command: "/home/pgo/Projects/openvn/runtimes/amiga-native/build-host/test-openvn-dispatch"
Directory: /home/pgo/Projects/openvn/runtimes/amiga-native/build-host
"dispatch" start time: Jul 17 03:49 CEST
Output:
----------------------------------------------------------
<end of output>
Test time =   0.00 sec
----------------------------------------------------------
Test Passed.
"dispatch" end time: Jul 17 03:49 CEST
"dispatch" time elapsed: 00:00:00
----------------------------------------------------------

2/5 Testing: story
2/5 Test: story
Command: "/home/pgo/Projects/openvn/runtimes/amiga-native/build-host/test-openvn-story"
Directory: /home/pgo/Projects/openvn/runtimes/amiga-native/build-host
"story" start time: Jul 17 03:49 CEST
Output:
----------------------------------------------------------
<end of output>
Test time =   0.00 sec
----------------------------------------------------------
Test Passed.
"story" end time: Jul 17 03:49 CEST
"story" time elapsed: 00:00:00
----------------------------------------------------------

3/5 Testing: graphics
3/5 Test: graphics
Command: "/home/pgo/Projects/openvn/runtimes/amiga-native/build-host/test-openvn-graphics"
Directory: /home/pgo/Projects/openvn/runtimes/amiga-native
"graphics" start time: Jul 17 03:49 CEST
Output:
----------------------------------------------------------
GRAPHICS OPEN 320 256 5 NATIVE
GRAPHICS LOAD ILBM tests/fixtures/lighthouse_storm.iff 16 16 1
GRAPHICS SCENE lighthouse_storm
GRAPHICS LOAD ILBM tests/fixtures/erik_neutral.iff 8 16 1
GRAPHICS SHOW erik neutral
GRAPHICS PRESENT 1
GRAPHICS HIDE erik
GRAPHICS CLOSE
<end of output>
Test time =   0.00 sec
----------------------------------------------------------
Test Passed.
"graphics" end time: Jul 17 03:49 CEST
"graphics" time elapsed: 00:00:00
----------------------------------------------------------

4/5 Testing: image
4/5 Test: image
Command: "/home/pgo/Projects/openvn/runtimes/amiga-native/build-host/test-openvn-image" "/home/pgo/Projects/openvn/runtimes/amiga-native/tests/fixtures/lighthouse_storm.iff"
Directory: /home/pgo/Projects/openvn/runtimes/amiga-native/build-host
"image" start time: Jul 17 03:49 CEST
Output:
----------------------------------------------------------
<end of output>
Test time =   0.01 sec
----------------------------------------------------------
Test Passed.
"image" end time: Jul 17 03:49 CEST
"image" time elapsed: 00:00:00
----------------------------------------------------------

5/5 Testing: assets-runtime
5/5 Test: assets-runtime
Command: "/home/pgo/Projects/openvn/runtimes/amiga-native/build-host/test-openvn-assets-runtime"
Directory: /home/pgo/Projects/openvn/runtimes/amiga-native/build-host
"assets-runtime" start time: Jul 17 03:49 CEST
Output:
----------------------------------------------------------
<end of output>
Test time =   0.00 sec
----------------------------------------------------------
Test Passed.
"assets-runtime" end time: Jul 17 03:49 CEST
"assets-runtime" time elapsed: 00:00:00
----------------------------------------------------------

End testing: Jul 17 03:49 CEST
